[demo.themesberg.com/volt/pages/dashboard/dashboard.html]
[backblue.gif]
[fade.gif]
[index.html]
[themesberg.s3.us-east-2.amazonaws.com/public/products/volt-pro-bootstrap-5-dashboard/volt-pro-preview.jpg]
[demo.themesberg.com/volt/assets/img/favicon/apple-touch-icon.png]
[demo.themesberg.com/volt/assets/img/favicon/favicon-32x32.png]
[demo.themesberg.com/volt/assets/img/favicon/favicon-16x16.png]
[demo.themesberg.com/volt/vendor/sweetalert2/dist/sweetalert2.min.css]
[demo.themesberg.com/volt/vendor/notyf/notyf.min.css]
[demo.themesberg.com/volt/css/volt.css]
[demo.themesberg.com/volt/assets/img/team/profile-picture-3.jpg]
[demo.themesberg.com/volt/assets/img/team/profile-picture-1.jpg]
[demo.themesberg.com/volt/assets/img/team/profile-picture-2.jpg]
[demo.themesberg.com/volt/assets/img/team/profile-picture-4.jpg]
[demo.themesberg.com/volt/assets/img/team/profile-picture-5.jpg]
[demo.themesberg.com/volt/vendor/@popperjs/core/dist/umd/popper.min.js]
[demo.themesberg.com/volt/vendor/bootstrap/dist/js/bootstrap.min.js]
[demo.themesberg.com/volt/vendor/onscreen/dist/on-screen.umd.min.js]
[demo.themesberg.com/volt/vendor/nouislider/distribute/nouislider.min.js]
[demo.themesberg.com/volt/vendor/smooth-scroll/dist/smooth-scroll.polyfills.min.js]
[demo.themesberg.com/volt/vendor/chartist/dist/chartist.min.js]
[demo.themesberg.com/volt/vendor/chartist-plugin-tooltips/dist/chartist-plugin-tooltip.min.js]
[demo.themesberg.com/volt/vendor/vanillajs-datepicker/dist/js/datepicker.min.js]
[demo.themesberg.com/volt/vendor/sweetalert2/dist/sweetalert2.all.min.js]
[cdnjs.cloudflare.com/ajax/libs/moment.js/2.27.0/moment.min.js]
[demo.themesberg.com/volt/vendor/notyf/notyf.min.js]
[demo.themesberg.com/volt/vendor/simplebar/dist/simplebar.min.js]
[buttons.github.io/buttons.js]
[demo.themesberg.com/volt/assets/js/volt.js]
[demo.themesberg.com/cdn-cgi/challenge-platform/scripts/jsd/main.js]
[demo.themesberg.com/volt/pages/dashboard/dashboard.html]
[demo.themesberg.com/volt/vendor/sweetalert2/dist/sweetalert2.min.css]
[demo.themesberg.com/volt/vendor/notyf/notyf.min.css]
[demo.themesberg.com/volt/css/volt.css]
[www.googletagmanager.com/gtm5445.html]
[demo.themesberg.com/volt/vendor/@popperjs/core/dist/umd/popper.min.js]
[demo.themesberg.com/volt/vendor/bootstrap/dist/js/bootstrap.min.js]
[demo.themesberg.com/volt/vendor/onscreen/dist/on-screen.umd.min.js]
[demo.themesberg.com/volt/vendor/nouislider/distribute/nouislider.min.js]
[demo.themesberg.com/volt/vendor/smooth-scroll/dist/smooth-scroll.polyfills.min.js]
[demo.themesberg.com/volt/vendor/chartist/dist/chartist.min.js]
[demo.themesberg.com/volt/vendor/chartist-plugin-tooltips/dist/chartist-plugin-tooltip.min.js]
[demo.themesberg.com/volt/vendor/vanillajs-datepicker/dist/js/datepicker.min.js]
[demo.themesberg.com/volt/vendor/sweetalert2/dist/sweetalert2.all.min.js]
[demo.themesberg.com/volt/vendor/notyf/notyf.min.js]
[demo.themesberg.com/volt/vendor/simplebar/dist/simplebar.min.js]
[demo.themesberg.com/volt/assets/js/volt.js]
[demo.themesberg.com/cdn-cgi/challenge-platform/h/g/scripts/jsd/c359bc3d/main.js]
